GET--/api/blog/detail?id=15--1597681944604
GET--/api/blog/detail?id=15--1597681945221
GET--/api/blog/detail?id=15--1597681945950
GET--/api/blog/detail?id=15--1597681946616
GET--/--1607902208898
GET--/favicon.ico--1607902208998
GET--/index.html--1607902217429
GET--/--1607902223953
GET--/--1607902233136
GET--/--1607902537592
GET--/blog--1607902554032
GET--/api/blog/list--1607902600458
GET--/blog/list--1607902605479
GET--/api/blog/list--1607902610342
GET--/index.html--1607902633000
GET--/html-test/index.html--1607902674887
GET--/--1607902781759
GET--/--1607902955523
GET--/favicon.ico--1607902955598
GET--/index.html--1607903377832
GET--/favicon.ico--1607903377935
GET--/api/blog/list--1607903436570
GET--/api/blog/list--1607903446252
GET--/index.html--1607903478240
GET--/index.html--1607903911015
GET--/index.html--1607903929512
GET--/api/blog/list--1607904255205
GET--/--1607904266493
GET--/index.html--1607904271819
GET--/index.html?--1607904362310
GET--/index.html?--1607904556793
GET--/index.html?--1607904558527
GET--/api/blog/list--1607904573491
GET--/api/blog/list--1607904579461
GET--/--1607904717434
GET--/index.html--1607904724468
GET--/--1607904767768
GET--/--1607904835783
GET--/api/blog/list--1607905180154
GET--/api/blog/list--1610372909367
GET--/index.html--1610372917103
GET--/index.html--1610372954929
GET--/index.html--1610372955601
GET--/index.html--1610372955817
GET--/index.html--1610372956251
GET--/index.html--1610372956672
GET--/index.html--1610372957106
GET--/index.html--1610372957468
GET--/index.html--1610372957877
GET--/api/blog/list--1610372960348
GET--/index.html--1610373227604
GET--/index.html--1610373229551
GET--/index.html--1610373229874
GET--/index.html--1610373230123
GET--/index.html--1610373230338
GET--/index.html--1610373340534
GET--/index.html--1610373341127
GET--/index.html--1610373341316
GET--/api/blog/list--1610373343320
GET--/index.html--1610373348123
GET--/index.html--1610373348565
GET--/index.html--1610373348903
GET--/index.html--1610373349137
GET--/index.html--1610373356259
GET--/api/blog/list--1610373572190
GET--/index.html--1610373576004
GET--/index.html--1610373576198
GET--/index.html--1610373576648
GET--/api/blog/list--1610374381356
GET--/favicon.ico--1610374381545
GET--/index.html--1610374384083
GET--/index.html--1610374393664
GET--/index.html--1610374394242
GET--/index.html--1610374394431
GET--/index.html--1610374394619
GET--/index.html--1610374394805
GET--/index.html--1610374394970
GET--/index.html--1610374395140
GET--/index.html--1610374429420
GET--/index.html--1610374429613
GET--/index.html--1610374433004
GET--/index.html--1610374433191
GET--/api/blog/list--1610374443461
GET--/api/blog/list--1610374444025
GET--/api/blog/list--1610374444459
GET--/index.html--1610374451226
GET--/index.html--1610374548017
GET--/index.html--1610374777073
GET--/index.html--1610374777661
GET--/index.html--1610374777849
GET--/index.html--1610374778028
GET--/index.html--1610374778202
GET--/index.html--1610374778382
GET--/index.html--1610374778564
GET--/index.html--1610374778742
GET--/index.html--1610374778932
GET--/index.html--1610374779168
GET--/index.html--1610374779379
GET--/index.html--1610374779572
GET--/index.html--1610374779762
GET--/index.html--1610374779941
GET--/index.html--1610374780134
GET--/index.html--1610374780324
GET--/index.html--1610374780763
GET--/index.html--1610374780979
GET--/index.html--1610374781182
GET--/api/blog/list--1610374829359
GET--/api/blog/detail?id=15--1610374849415
